2019-12-24 00:03:18,702 - schedule - INFO - Running job Every 1 minute do job() (last run: [never], next run: 2019-12-24 00:03:18)
2019-12-24 00:03:30,599 - root - INFO - DB Push Sleeping...
2019-12-27 17:55:21,012 - schedule - INFO - Running job Every 1 minute do job() (last run: [never], next run: 2019-12-27 17:55:20)
2019-12-27 17:55:21,014 - root - INFO - DB Push Working...
2019-12-27 17:55:47,883 - root - INFO - DB Push Sleeping...
2019-12-27 17:56:48,040 - schedule - INFO - Running job Every 1 minute do job() (last run: 2019-12-27 17:55:47, next run: 2019-12-27 17:56:47)
2019-12-27 17:56:48,041 - root - INFO - DB Push Working...
2019-12-27 17:57:00,734 - root - INFO - DB Push Sleeping...
2019-12-27 18:00:15,158 - schedule - INFO - Running job Every 1 minute do job() (last run: [never], next run: 2019-12-27 18:00:15)
2019-12-27 18:00:15,159 - root - INFO - DB Push Working...
2019-12-27 18:00:32,981 - root - ERROR - Fatal error in main exception
Traceback (most recent call last):
  File "stage_schedular.py", line 59, in job
    dbManager = RunStage(current_format_dt)
  File "/Users/deepalimahajan/DeepaliData/Workspace/aarti_steel/classes/stage_data.py", line 21, in __init__
    self.read_database(dateparam)
  File "/Users/deepalimahajan/DeepaliData/Workspace/aarti_steel/classes/stage_data.py", line 195, in read_database
    print(x.deletedCount, " deleted...")
AttributeError: 'DeleteResult' object has no attribute 'deletedCount'
2019-12-27 18:00:32,983 - root - ERROR - 'DeleteResult' object has no attribute 'deletedCount'
Traceback (most recent call last):
  File "stage_schedular.py", line 59, in job
    dbManager = RunStage(current_format_dt)
  File "/Users/deepalimahajan/DeepaliData/Workspace/aarti_steel/classes/stage_data.py", line 21, in __init__
    self.read_database(dateparam)
  File "/Users/deepalimahajan/DeepaliData/Workspace/aarti_steel/classes/stage_data.py", line 195, in read_database
    print(x.deletedCount, " deleted...")
AttributeError: 'DeleteResult' object has no attribute 'deletedCount'
2019-12-27 18:01:33,257 - schedule - INFO - Running job Every 1 minute do job() (last run: 2019-12-27 18:00:33, next run: 2019-12-27 18:01:33)
2019-12-27 18:01:33,258 - root - INFO - DB Push Working...
2019-12-27 18:04:18,161 - schedule - INFO - Running job Every 1 minute do job() (last run: [never], next run: 2019-12-27 18:04:17)
2019-12-27 18:04:18,163 - root - INFO - DB Push Working...
2019-12-27 18:05:49,488 - schedule - INFO - Running job Every 1 minute do job() (last run: [never], next run: 2019-12-27 18:05:49)
2019-12-27 18:05:49,490 - root - INFO - DB Push Working...
2019-12-27 18:16:50,799 - schedule - INFO - Running job Every 1 minute do job() (last run: [never], next run: 2019-12-27 18:16:50)
2019-12-27 18:16:50,800 - root - INFO - DB Push Working...
2019-12-27 18:17:10,705 - root - INFO - DB Push Sleeping...
2019-12-27 18:18:10,881 - schedule - INFO - Running job Every 1 minute do job() (last run: 2019-12-27 18:17:10, next run: 2019-12-27 18:18:10)
2019-12-27 18:18:10,882 - root - INFO - DB Push Working...
2019-12-27 18:18:26,415 - root - INFO - DB Push Sleeping...
2019-12-27 18:21:58,098 - schedule - INFO - Running job Every 1 minute do job() (last run: [never], next run: 2019-12-27 18:21:57)
2019-12-27 18:21:58,099 - root - INFO - DB Push Working...
2019-12-27 18:21:58,108 - root - ERROR - Fatal error in main exception
Traceback (most recent call last):
  File "stage_schedular.py", line 59, in job
    dbManager = RunStage(current_format_dt)
  File "/Users/deepalimahajan/DeepaliData/Workspace/aarti_steel/classes/stage_data.py", line 18, in __init__
    self.log = logging.getLogger()
NameError: name 'logging' is not defined
2019-12-27 18:21:58,109 - root - ERROR - name 'logging' is not defined
Traceback (most recent call last):
  File "stage_schedular.py", line 59, in job
    dbManager = RunStage(current_format_dt)
  File "/Users/deepalimahajan/DeepaliData/Workspace/aarti_steel/classes/stage_data.py", line 18, in __init__
    self.log = logging.getLogger()
NameError: name 'logging' is not defined
2019-12-27 18:22:58,298 - schedule - INFO - Running job Every 1 minute do job() (last run: 2019-12-27 18:21:58, next run: 2019-12-27 18:22:58)
2019-12-27 18:22:58,299 - root - INFO - DB Push Working...
2019-12-27 18:22:58,300 - root - ERROR - Fatal error in main exception
Traceback (most recent call last):
  File "stage_schedular.py", line 59, in job
    dbManager = RunStage(current_format_dt)
  File "/Users/deepalimahajan/DeepaliData/Workspace/aarti_steel/classes/stage_data.py", line 18, in __init__
    self.log = logging.getLogger()
NameError: name 'logging' is not defined
2019-12-27 18:22:58,300 - root - ERROR - name 'logging' is not defined
Traceback (most recent call last):
  File "stage_schedular.py", line 59, in job
    dbManager = RunStage(current_format_dt)
  File "/Users/deepalimahajan/DeepaliData/Workspace/aarti_steel/classes/stage_data.py", line 18, in __init__
    self.log = logging.getLogger()
NameError: name 'logging' is not defined
2019-12-27 18:24:34,453 - schedule - INFO - Running job Every 1 minute do job() (last run: [never], next run: 2019-12-27 18:24:34)
2019-12-27 18:24:34,455 - root - INFO - DB Push Working...
2019-12-27 18:24:34,455 - root - INFO - dt: 2019-12-26
2019-12-27 18:24:44,858 - root - INFO - DB Push Sleeping...
2019-12-27 18:25:45,011 - schedule - INFO - Running job Every 1 minute do job() (last run: 2019-12-27 18:24:44, next run: 2019-12-27 18:25:44)
2019-12-27 18:25:45,012 - root - INFO - DB Push Working...
2019-12-27 18:25:45,013 - root - INFO - dt: 2019-12-26
2019-12-27 18:25:55,623 - root - INFO - DB Push Sleeping...
2019-12-27 18:26:55,770 - schedule - INFO - Running job Every 1 minute do job() (last run: 2019-12-27 18:25:55, next run: 2019-12-27 18:26:55)
2019-12-27 18:26:55,772 - root - INFO - DB Push Working...
2019-12-27 18:26:55,772 - root - INFO - dt: 2019-12-26
2019-12-27 18:27:04,378 - root - INFO - DB Push Sleeping...
2019-12-27 18:28:18,236 - schedule - INFO - Running job Every 1 minute do job() (last run: [never], next run: 2019-12-27 18:28:18)
2019-12-27 18:28:18,236 - schedule - INFO - Running job Every 1 minute do job() (last run: [never], next run: 2019-12-27 18:28:18)
2019-12-27 18:28:18,238 - root - INFO - DB Push Working...
2019-12-27 18:28:18,238 - root - INFO - DB Push Working...
2019-12-27 18:28:18,238 - root - INFO - dt: 2019-12-26
2019-12-27 18:28:18,238 - root - INFO - dt: 2019-12-26
2019-12-27 18:28:29,457 - root - INFO - DB Push Sleeping...
2019-12-27 18:28:29,457 - root - INFO - DB Push Sleeping...
2019-12-27 18:29:49,661 - schedule - INFO - Running job Every 1 minute do job() (last run: [never], next run: 2019-12-27 18:29:49)
2019-12-27 18:29:49,661 - schedule - INFO - Running job Every 1 minute do job() (last run: [never], next run: 2019-12-27 18:29:49)
2019-12-27 18:29:49,663 - root - INFO - DB Push Working...
2019-12-27 18:29:49,663 - root - INFO - DB Push Working...
2019-12-27 18:29:49,664 - root - INFO - dt: 2019-12-22
2019-12-27 18:29:49,664 - root - INFO - dt: 2019-12-22
2019-12-27 18:30:07,101 - root - INFO - {'asofdate': '2019-12-22'}
2019-12-27 18:30:07,101 - root - INFO - {'asofdate': '2019-12-22'}
2019-12-27 18:30:07,202 - root - INFO - DB Push Sleeping...
2019-12-27 18:30:07,202 - root - INFO - DB Push Sleeping...
2019-12-27 18:31:40,606 - schedule - INFO - Running job Every 1 minute do job() (last run: [never], next run: 2019-12-27 18:31:40)
2019-12-27 18:31:40,606 - schedule - INFO - Running job Every 1 minute do job() (last run: [never], next run: 2019-12-27 18:31:40)
2019-12-27 18:31:40,608 - root - INFO - DB Push Working...
2019-12-27 18:31:40,608 - root - INFO - DB Push Working...
2019-12-27 18:31:40,608 - root - INFO - dt: 2019-12-22
2019-12-27 18:31:40,608 - root - INFO - dt: 2019-12-22
2019-12-27 18:31:57,517 - root - INFO - 95 ready to push
2019-12-27 18:31:57,517 - root - INFO - 95 ready to push
2019-12-27 18:31:57,525 - root - INFO - 95 deleted...
2019-12-27 18:31:57,525 - root - INFO - 95 deleted...
2019-12-27 18:31:57,622 - root - INFO - DB Push Sleeping...
2019-12-27 18:31:57,622 - root - INFO - DB Push Sleeping...
2019-12-27 18:33:39,460 - schedule - INFO - Running job Every 1 minute do job() (last run: [never], next run: 2019-12-27 18:33:39)
2019-12-27 18:33:39,465 - root - INFO - DB Push Working...
2019-12-27 18:33:39,473 - root - INFO - dt: 2019-12-22
2019-12-27 18:33:57,744 - root - INFO - 95 ready to push
2019-12-27 18:33:57,751 - root - INFO - 95 deleted...
2019-12-27 18:33:57,840 - root - INFO - DB Push Sleeping...
